<?xml version="1.0" encoding="UTF-8"?>
<!-- Generated by org.testng.reporters.JUnitReportReporter -->
<testsuite hostname="Silambarasi" failures="0" tests="1" name="TestNG_failing_purpose.testng_facebook" time="81.060" errors="0" timestamp="2023-10-06T15:27:49 IST" skipped="0">
  <testcase classname="TestNG_failing_purpose.testng_facebook" name="facebook" time="81.060"/>
</testsuite> <!-- TestNG_failing_purpose.testng_facebook -->
