<?xml version="1.0" encoding="UTF-8"?>
<!-- Generated by org.testng.reporters.JUnitReportReporter -->
<testsuite hostname="Silambarasi" failures="0" tests="1" name="TestNG_parallel.sample2" time="0.035" errors="0" timestamp="2023-10-05T16:45:36 IST" skipped="0">
  <testcase classname="TestNG_parallel.sample2" name="demo4" time="0.035"/>
</testsuite> <!-- TestNG_parallel.sample2 -->
