<?xml version="1.0" encoding="UTF-8"?>
<!-- Generated by org.testng.reporters.JUnitReportReporter -->
<testsuite hostname="Silambarasi" failures="0" tests="1" name="TestNG_parallel.amazon_distributed" time="113.278" errors="0" timestamp="2023-10-05T16:25:13 IST" skipped="0">
  <testcase classname="TestNG_parallel.amazon_distributed" name="amz" time="113.278"/>
</testsuite> <!-- TestNG_parallel.amazon_distributed -->
