<?xml version="1.0" encoding="UTF-8"?>
<!-- Generated by org.testng.reporters.JUnitReportReporter -->
<testsuite hostname="Silambarasi" failures="0" tests="3" name="Testng_dataprovider.Dataprovider_testng" time="182.170" errors="0" timestamp="2023-10-06T16:24:02 IST" skipped="0">
  <testcase classname="Testng_dataprovider.Dataprovider_testng" name="demo" time="109.634"/>
  <testcase classname="Testng_dataprovider.Dataprovider_testng" name="demo" time="37.320"/>
  <testcase classname="Testng_dataprovider.Dataprovider_testng" name="demo" time="35.216"/>
</testsuite> <!-- Testng_dataprovider.Dataprovider_testng -->
