<?xml version="1.0" encoding="UTF-8"?>
<!-- Generated by org.testng.reporters.JUnitReportReporter -->
<testsuite hostname="Silambarasi" failures="0" tests="1" name="TestNG_parallel.sample1" time="0.009" errors="0" timestamp="2023-10-05T16:45:36 IST" skipped="0">
  <testcase classname="TestNG_parallel.sample1" name="demo2" time="0.009"/>
</testsuite> <!-- TestNG_parallel.sample1 -->
