<?xml version="1.0" encoding="UTF-8"?>
<!-- Generated by org.testng.reporters.JUnitReportReporter -->
<testsuite hostname="Silambarasi" failures="0" tests="1" name="TestNG_sequencial.amazon" time="121.214" errors="0" timestamp="2023-10-05T15:35:29 IST" skipped="0">
  <testcase classname="TestNG_sequencial.amazon" name="amz" time="121.214"/>
</testsuite> <!-- TestNG_sequencial.amazon -->
