<?xml version="1.0" encoding="UTF-8"?>
<!-- Generated by org.testng.reporters.JUnitReportReporter -->
<testsuite hostname="Silambarasi" failures="0" tests="1" name="TestNG.assertion" time="38.123" errors="0" timestamp="2023-10-06T15:32:58 IST" skipped="0">
  <testcase classname="TestNG.assertion" name="Facebook" time="38.123"/>
</testsuite> <!-- TestNG.assertion -->
