<?xml version="1.0" encoding="UTF-8"?>
<!-- Generated by org.testng.reporters.JUnitReportReporter -->
<testsuite hostname="Silambarasi" failures="0" tests="3" name="TestNG_annotations.fb_amazon_snapdeal" time="211.288" errors="0" timestamp="2023-10-06T14:49:15 IST" skipped="0">
  <testcase classname="TestNG_annotations.fb_amazon_snapdeal" name="amazon" time="110.591"/>
  <testcase classname="TestNG_annotations.fb_amazon_snapdeal" name="facebook" time="31.427"/>
  <testcase classname="TestNG_annotations.fb_amazon_snapdeal" name="snapdeal" time="69.270"/>
</testsuite> <!-- TestNG_annotations.fb_amazon_snapdeal -->
