<?xml version="1.0" encoding="UTF-8"?>
<!-- Generated by org.testng.reporters.JUnitReportReporter -->
<testsuite hostname="Silambarasi" failures="0" tests="4" name="TestNG.priority_invocation_enabled" time="0.261" errors="0" timestamp="2023-10-04T15:31:15 IST" skipped="0">
  <testcase classname="TestNG.priority_invocation_enabled" name="demo1" time="0.015"/>
  <system-out/>
  <testcase classname="TestNG.priority_invocation_enabled" name="demo1" time="0.216"/>
  <system-out/>
  <testcase classname="TestNG.priority_invocation_enabled" name="demo2" time="0.026"/>
  <system-out/>
  <testcase classname="TestNG.priority_invocation_enabled" name="demo3" time="0.004"/>
  <system-out/>
</testsuite> <!-- TestNG.priority_invocation_enabled -->
