<?xml version="1.0" encoding="UTF-8"?>
<!-- Generated by org.testng.reporters.JUnitReportReporter -->
<testsuite hostname="Silambarasi" failures="0" tests="1" name="TestNG_parallel.facebook_distributed" time="95.738" errors="0" timestamp="2023-10-05T16:25:13 IST" skipped="0">
  <testcase classname="TestNG_parallel.facebook_distributed" name="fb" time="95.738"/>
</testsuite> <!-- TestNG_parallel.facebook_distributed -->
