<?xml version="1.0" encoding="UTF-8"?>
<!-- Generated by org.testng.reporters.JUnitReportReporter -->
<testsuite hostname="Silambarasi" failures="0" tests="1" name="TestNG_sequencial.facebook" time="51.116" errors="0" timestamp="2023-10-05T15:35:28 IST" skipped="0">
  <testcase classname="TestNG_sequencial.facebook" name="fb" time="51.116"/>
</testsuite> <!-- TestNG_sequencial.facebook -->
